2019-07-10 22:02:19.020 INFO  com.aygxy.LuYunTongApplication - Starting LuYunTongApplication on DESKTOP-FCK7F88 with PID 2948 (E:\ideaWorkSpance\luyuntong\target\classes started by JQ_GYZ in E:\ideaWorkSpance\luyuntong)
2019-07-10 22:02:19.022 INFO  com.aygxy.LuYunTongApplication - The following profiles are active: jpa
2019-07-10 22:02:20.056 INFO  org.springframework.data.repository.config.RepositoryConfigurationDelegate - Bootstrapping Spring Data repositories in DEFAULT mode.
2019-07-10 22:02:20.163 INFO  org.springframework.data.repository.config.RepositoryConfigurationDelegate - Finished Spring Data repository scanning in 90ms. Found 14 repository interfaces.
2019-07-10 22:02:20.488 INFO  org.springframework.context.support.PostProcessorRegistrationDelegate$BeanPostProcessorChecker - Bean 'org.springframework.transaction.annotation.ProxyTransactionManagementConfiguration' of type [org.springframework.transaction.annotation.ProxyTransactionManagementConfiguration$$EnhancerBySpringCGLIB$$aadeabb3] is not eligible for getting processed by all BeanPostProcessors (for example: not eligible for auto-proxying)
2019-07-10 22:02:20.934 INFO  org.springframework.boot.web.embedded.tomcat.TomcatWebServer - Tomcat initialized with port(s): 8080 (http)
2019-07-10 22:02:20.948 INFO  org.apache.coyote.http11.Http11NioProtocol - Initializing ProtocolHandler ["http-nio-8080"]
2019-07-10 22:02:20.954 INFO  org.apache.catalina.core.StandardService - Starting service [Tomcat]
2019-07-10 22:02:20.954 INFO  org.apache.catalina.core.StandardEngine - Starting Servlet engine: [Apache Tomcat/9.0.17]
2019-07-10 22:02:21.057 INFO  org.apache.catalina.core.ContainerBase.[Tomcat].[localhost].[/] - Initializing Spring embedded WebApplicationContext
2019-07-10 22:02:21.057 INFO  org.springframework.web.context.ContextLoader - Root WebApplicationContext: initialization completed in 1984 ms
2019-07-10 22:02:21.560 INFO  com.alibaba.druid.pool.DruidDataSource - {dataSource-1} inited
2019-07-10 22:03:31.537 INFO  org.hibernate.jpa.internal.util.LogHelper - HHH000204: Processing PersistenceUnitInfo [
	name: default
	...]
2019-07-10 22:03:31.614 INFO  org.hibernate.Version - HHH000412: Hibernate Core {5.3.9.Final}
2019-07-10 22:03:31.615 INFO  org.hibernate.cfg.Environment - HHH000206: hibernate.properties not found
2019-07-10 22:03:31.766 INFO  org.hibernate.annotations.common.Version - HCANN000001: Hibernate Commons Annotations {5.0.4.Final}
2019-07-10 22:03:31.922 INFO  org.hibernate.dialect.Dialect - HHH000400: Using dialect: org.hibernate.dialect.MySQL57Dialect
2019-07-10 22:03:33.203 INFO  org.springframework.orm.jpa.LocalContainerEntityManagerFactoryBean - Initialized JPA EntityManagerFactory for persistence unit 'default'
2019-07-10 22:03:34.102 INFO  org.springframework.boot.actuate.endpoint.web.EndpointLinksResolver - Exposing 2 endpoint(s) beneath base path '/actuator'
2019-07-10 22:03:34.232 INFO  springfox.documentation.spring.web.PropertySourcedRequestMappingHandlerMapping - Mapped URL path [/v2/api-docs] onto method [public org.springframework.http.ResponseEntity<springfox.documentation.spring.web.json.Json> springfox.documentation.swagger2.web.Swagger2Controller.getDocumentation(java.lang.String,javax.servlet.http.HttpServletRequest)]
2019-07-10 22:03:34.374 INFO  org.springframework.scheduling.concurrent.ThreadPoolTaskExecutor - Initializing ExecutorService 'applicationTaskExecutor'
2019-07-10 22:03:34.617 INFO  org.springframework.scheduling.concurrent.ThreadPoolTaskScheduler - Initializing ExecutorService 'taskScheduler'
2019-07-10 22:03:34.659 INFO  springfox.documentation.spring.web.plugins.DocumentationPluginsBootstrapper - Context refreshed
2019-07-10 22:03:34.677 INFO  springfox.documentation.spring.web.plugins.DocumentationPluginsBootstrapper - Found 1 custom documentation plugin(s)
2019-07-10 22:03:34.705 INFO  springfox.documentation.spring.web.scanners.ApiListingReferenceScanner - Scanning for api listing references
2019-07-10 22:03:34.727 INFO  org.apache.coyote.http11.Http11NioProtocol - Starting ProtocolHandler ["http-nio-8080"]
2019-07-10 22:03:34.746 INFO  org.springframework.boot.web.embedded.tomcat.TomcatWebServer - Tomcat started on port(s): 8080 (http) with context path ''
2019-07-10 22:03:34.747 INFO  com.aygxy.LuYunTongApplication - Started LuYunTongApplication in 76.117 seconds (JVM running for 77.449)
2019-07-10 22:03:34.756 INFO  com.aygxy.LuYunTongApplication - [---------陆运物流管理系统启动成功！----------]
2019-07-10 22:03:35.453 INFO  org.apache.catalina.core.ContainerBase.[Tomcat].[localhost].[/] - Initializing Spring DispatcherServlet 'dispatcherServlet'
2019-07-10 22:03:35.453 INFO  org.springframework.web.servlet.DispatcherServlet - Initializing Servlet 'dispatcherServlet'
2019-07-10 22:03:35.461 INFO  org.springframework.web.servlet.DispatcherServlet - Completed initialization in 8 ms
2019-07-10 22:04:15.007 INFO  com.aygxy.LuYunTongApplication - Starting LuYunTongApplication on DESKTOP-FCK7F88 with PID 13996 (E:\ideaWorkSpance\luyuntong\target\classes started by JQ_GYZ in E:\ideaWorkSpance\luyuntong)
2019-07-10 22:04:15.010 INFO  com.aygxy.LuYunTongApplication - The following profiles are active: jpa
2019-07-10 22:04:15.912 INFO  org.springframework.data.repository.config.RepositoryConfigurationDelegate - Bootstrapping Spring Data repositories in DEFAULT mode.
2019-07-10 22:04:16.001 INFO  org.springframework.data.repository.config.RepositoryConfigurationDelegate - Finished Spring Data repository scanning in 82ms. Found 14 repository interfaces.
2019-07-10 22:04:16.314 INFO  org.springframework.context.support.PostProcessorRegistrationDelegate$BeanPostProcessorChecker - Bean 'org.springframework.transaction.annotation.ProxyTransactionManagementConfiguration' of type [org.springframework.transaction.annotation.ProxyTransactionManagementConfiguration$$EnhancerBySpringCGLIB$$c3742465] is not eligible for getting processed by all BeanPostProcessors (for example: not eligible for auto-proxying)
2019-07-10 22:04:16.626 INFO  org.springframework.boot.web.embedded.tomcat.TomcatWebServer - Tomcat initialized with port(s): 8080 (http)
2019-07-10 22:04:16.637 INFO  org.apache.coyote.http11.Http11NioProtocol - Initializing ProtocolHandler ["http-nio-8080"]
2019-07-10 22:04:16.644 INFO  org.apache.catalina.core.StandardService - Starting service [Tomcat]
2019-07-10 22:04:16.644 INFO  org.apache.catalina.core.StandardEngine - Starting Servlet engine: [Apache Tomcat/9.0.17]
2019-07-10 22:04:16.744 INFO  org.apache.catalina.core.ContainerBase.[Tomcat].[localhost].[/] - Initializing Spring embedded WebApplicationContext
2019-07-10 22:04:16.744 INFO  org.springframework.web.context.ContextLoader - Root WebApplicationContext: initialization completed in 1701 ms
2019-07-10 22:04:17.198 INFO  com.alibaba.druid.pool.DruidDataSource - {dataSource-1} inited
2019-07-10 22:04:17.291 INFO  org.hibernate.jpa.internal.util.LogHelper - HHH000204: Processing PersistenceUnitInfo [
	name: default
	...]
2019-07-10 22:04:17.343 INFO  org.hibernate.Version - HHH000412: Hibernate Core {5.3.9.Final}
2019-07-10 22:04:17.344 INFO  org.hibernate.cfg.Environment - HHH000206: hibernate.properties not found
2019-07-10 22:04:17.453 INFO  org.hibernate.annotations.common.Version - HCANN000001: Hibernate Commons Annotations {5.0.4.Final}
2019-07-10 22:04:17.581 INFO  org.hibernate.dialect.Dialect - HHH000400: Using dialect: org.hibernate.dialect.MySQL57Dialect
2019-07-10 22:04:18.373 INFO  org.springframework.orm.jpa.LocalContainerEntityManagerFactoryBean - Initialized JPA EntityManagerFactory for persistence unit 'default'
2019-07-10 22:04:19.216 INFO  org.springframework.boot.actuate.endpoint.web.EndpointLinksResolver - Exposing 2 endpoint(s) beneath base path '/actuator'
2019-07-10 22:04:19.337 INFO  springfox.documentation.spring.web.PropertySourcedRequestMappingHandlerMapping - Mapped URL path [/v2/api-docs] onto method [public org.springframework.http.ResponseEntity<springfox.documentation.spring.web.json.Json> springfox.documentation.swagger2.web.Swagger2Controller.getDocumentation(java.lang.String,javax.servlet.http.HttpServletRequest)]
2019-07-10 22:04:19.476 INFO  org.springframework.scheduling.concurrent.ThreadPoolTaskExecutor - Initializing ExecutorService 'applicationTaskExecutor'
2019-07-10 22:04:19.710 INFO  org.springframework.scheduling.concurrent.ThreadPoolTaskScheduler - Initializing ExecutorService 'taskScheduler'
2019-07-10 22:04:19.753 INFO  springfox.documentation.spring.web.plugins.DocumentationPluginsBootstrapper - Context refreshed
2019-07-10 22:04:19.767 INFO  springfox.documentation.spring.web.plugins.DocumentationPluginsBootstrapper - Found 1 custom documentation plugin(s)
2019-07-10 22:04:19.800 INFO  springfox.documentation.spring.web.scanners.ApiListingReferenceScanner - Scanning for api listing references
2019-07-10 22:04:19.821 INFO  org.apache.coyote.http11.Http11NioProtocol - Starting ProtocolHandler ["http-nio-8080"]
2019-07-10 22:04:19.839 INFO  org.springframework.boot.web.embedded.tomcat.TomcatWebServer - Tomcat started on port(s): 8080 (http) with context path ''
2019-07-10 22:04:19.841 INFO  com.aygxy.LuYunTongApplication - Started LuYunTongApplication in 5.193 seconds (JVM running for 6.112)
2019-07-10 22:04:19.850 INFO  com.aygxy.LuYunTongApplication - [---------陆运物流管理系统启动成功！----------]
2019-07-10 22:04:20.315 INFO  org.apache.catalina.core.ContainerBase.[Tomcat].[localhost].[/] - Initializing Spring DispatcherServlet 'dispatcherServlet'
2019-07-10 22:04:20.316 INFO  org.springframework.web.servlet.DispatcherServlet - Initializing Servlet 'dispatcherServlet'
2019-07-10 22:04:20.324 INFO  org.springframework.web.servlet.DispatcherServlet - Completed initialization in 8 ms
